🚀 Starting FULL legacy users migration...

📦 Found 49006 users to migrate

🔗 Linked existing user: admin@admin.com → 50f2efaa-034d-4533-bcf4-ef4462dcd5bd
✅ Created: bigbubbles12354@gmail.com → 5571bb21-c0c3-405e-afca-3b477a251a94 (with original password)
✅ Created: vivianaguterriez@gmail.com → e61a16f2-3e9a-4b19-a212-80b34c2b2c4f (with original password)
✅ Created: paercourses@gmail.com → e5e84614-ed55-4776-bb13-9fa2c7312664 (with original password)
✅ Created: k.a.e.e.mc.coy19.97@gmail.com → 1147dca3-c8d5-466a-9aa1-82cfb736f709 (with original password)
✅ Created: bcanfield19@msn.com → 934c81d0-5484-4ff7-8c9c-1c5575c98d0f (with original password)
✅ Created: thelistofryan@gmail.com → cb6bf56f-a539-49e3-a76d-74934f7b0a8e (with original password)
✅ Created: niftytvcomics@gmail.com → 7f64a1dc-0ce4-4448-ad50-6c6b178b7531 (with original password)
✅ Created: kigifo7995@songsign.com → cacb0d19-e0f1-44c1-8fcc-cce27f1f07a6 (with original password)
✅ Created: jydixihi@ryteto.me → a6f2e21b-be3b-48fc-8b87-ea37f228bc69 (with original password)
✅ Created: stokmanjens@outlook.com → b29a2212-ae0d-4b40-8ef4-b179761d9cb1 (with original password)
✅ Created: kurt.alintanahin@gmail.com → a744f861-eefa-4a05-90c1-75eaf0961ff1 (with original password)
✅ Created: 15103252416@163.com → da082133-b7e0-4752-bd14-791ed490bb16 (with original password)
✅ Created: sharky.uwugen@gmail.com → e0f7e563-b20b-496a-bea8-153a9259adc3 (with original password)
✅ Created: chasem4430@gmail.com → b8743609-1d94-4646-aa58-eb9845357824 (with original password)
✅ Created: likerj@gmail.com → d970a5e5-18c4-41b8-a796-c7fefabdcb57 (with original password)
✅ Created: litej@gmail.com → 31b3be84-88bf-413c-b37e-4f52094c3695 (with original password)
✅ Created: ghoulfirstgd@gmail.com → d107c679-d498-48c4-9064-ee872f7e5065 (with original password)
✅ Created: zoolabathon@gmail.com → 3b088e35-e863-452c-bd77-fda49c202cfb (with original password)
✅ Created: corbskk@gmail.com → ebff00b7-315b-41ab-b8bf-08504977ed03 (with original password)
✅ Created: blacksuitwolfiex@gmail.com → 135d60eb-979b-4ff8-b9c1-f4747e833d4d (with original password)
✅ Created: ruhbeg650@gmail.com → fdabf992-a5bd-4316-b70c-1150aacadbb3 (with original password)
✅ Created: logan@klapp.name → 802a0efd-c3d3-4256-adfa-032d2614bbe6 (with original password)
✅ Created: synocod@gmail.com → 18ef0142-e5d8-4ecf-a8ce-298dea83e592 (with original password)
✅ Created: aggroscar17@gmail.com → 348129ba-c283-42d9-9edf-76d313b1508a (with original password)
✅ Created: zmatas@icloud.com → f0679800-bfbe-4030-a7d2-fdb6e03e9914 (with original password)
✅ Created: trabalhospt013@gmail.com → 89af3d9f-ec8d-4d5d-bf04-f84a3ff2efe5 (with original password)
✅ Created: tiktok.smma@gmail.com → b94aa5ee-0141-4cca-9b5e-bff6df9032ba (with original password)
✅ Created: shrek3am@gmail.com → ff8a7c26-86ce-4835-a17e-e8085860ec81 (with original password)
✅ Created: deltaomegagamez@gmail.com → af01e19d-284a-4d79-8dfd-85c4da424cfd (with original password)
✅ Created: ayoub_selmane@yahoo.com → 5eb7c4d9-0a54-44e2-81f4-ddc7afc4883b (with original password)
✅ Created: walkerzach40@gmail.com → 1b9f16d0-45ee-4b31-b199-f9a86de5acc3 (with original password)
✅ Created: ircelvis48@gmail.com → 67f6d3de-388f-4137-affe-a4b2f3bfd9ce (with original password)
✅ Created: scizor63@seznam.cz → 38736e2d-9f15-4036-9b52-84adca4129f5 (with original password)
✅ Created: raulvillareal0987@gmail.com → 760bc2dc-4af1-47df-8ac8-b01a8dc86038 (with original password)
✅ Created: allanguo111@gmail.com → bdadb108-3dc3-4a5f-861f-7300390df4b0 (with original password)
✅ Created: emmettw36@gmail.com → 495759ac-dc75-4578-b907-3bd5344b1a02 (with original password)
✅ Created: user1@gmail.com → a683db64-cdb7-4566-8bc3-5aa8237aedc9 (with original password)
✅ Created: rcshopify1@gmail.com → f60a18d3-2a03-4fd2-b793-2b7fdb22c715 (with original password)
✅ Created: krazycaveman210@gmail.com → 9c9d8915-9e08-4ac8-8286-fb19bccd1740 (with original password)
✅ Created: quincykeele@gmail.com → 561a90c5-4ffa-4209-a5d5-37fbc2b15884 (with original password)
✅ Created: michael.story3@gmail.com → 0d239968-435b-45be-8de6-8f016047926c (with original password)
✅ Created: undercover1654@gmail.com → 33f6a8ea-f8ee-412d-993a-ca9101fa33e7 (with original password)
✅ Created: elinaemmas@gmail.com → cc3ec1c8-62f5-4f65-902c-5b4709232ca5 (with original password)
✅ Created: youssef.abarzaq@gmail.com → 0c36a257-b178-4779-afcf-7df6950d2e03 (with original password)
✅ Created: sharmamanasvi2208@gmail.com → ad63841f-b092-44c0-9021-0d5dafb5f599 (with original password)
✅ Created: joaonogueiraesilva@gmail.com → 24ae1226-b27d-4cf5-8aba-bfd8c27a3c18 (with original password)
✅ Created: redditsstories2022@gmail.com → 42a1a746-90e0-44c3-a1a6-882cfa987fbb (with original password)
✅ Created: askr.reddit.99@gmail.com → e76771cc-61b9-4c19-aa7a-f86c173a8f8a (with original password)
✅ Created: marthijn@claumart.com → 1baa2225-b838-4196-9c73-f76b3458423b (with original password)
✅ Created: kristofferbraasch@gmail.com → e750337c-326d-4291-bb85-815e98a3302d (with original password)
✅ Created: mickelsontheone76@gmail.com → 3c38c2db-0167-4856-9589-60a9c6535c24 (with original password)
✅ Created: harrisonworkstation@outlook.com → 66e27690-bae7-403f-ba5a-fb2445a657b2 (with original password)
✅ Created: amielbarz@gmail.com → 07899d5e-70d0-4cb2-ae03-0e23e227fb1f (with original password)
✅ Created: iamcarlodavid@gmail.com → 6dbacdd7-9408-4dfe-adf6-ba6b3d4c4ddd (with original password)
✅ Created: thunderknight176@gmail.com → 8405e93b-5d82-4b88-af4a-381e72b34619 (with original password)
✅ Created: kylekemanibeale@gmail.com → 05a3d0e5-70d3-4dd3-8878-32849ae2fb34 (with original password)
✅ Created: trscurr2@gmail.com → 0f400b79-a6ad-4a0b-80eb-3757da5ebcd1 (with original password)
✅ Created: paulo.sequeira.stelzer@gmail.com → a1475fdf-ef35-4765-97b4-8668969aba6b (with original password)
✅ Created: contactwithabdallah@gmail.com → c3534c62-334a-4c40-9385-522b52474b6c (with original password)
✅ Created: aarouianass@gmail.com → 03bdec51-b502-4bfa-b6dd-c10da15ff810 (with original password)
✅ Created: tscurr@langtreeschool.com → 66a5db7e-1e5c-4687-9556-af80efd37c33 (with original password)
✅ Created: niccogiannecchini@gmail.com → eef578d8-ef91-41aa-aedd-9eee51c1bb60 (with original password)
✅ Created: ronnygch15@gmail.com → 676b5545-a6da-46f1-8458-fe01c88af1b3 (with original password)
✅ Created: athasgerasop@gmail.com → edbb5a04-886c-48a4-824c-b9caa35b105b (with original password)
✅ Created: ttalhabuga@gmail.com → 060f913d-c93c-4435-95ca-daec0f3c311e (with original password)
✅ Created: bauticoria@gmail.com → b5ddfea7-8dae-4925-b163-96f42d620d66 (with original password)
✅ Created: executivemarshall@gmail.com → c4073136-d058-441d-8416-418e5cdcec2e (with original password)
✅ Created: iggamingk@gmail.com → 3aaa7141-9774-4858-85fb-27526eb2f4c6 (with original password)
✅ Created: valuefamo.us.9.67.9@googlemail.com → 5696a58e-f798-448b-a1a2-656aa24cc838 (with original password)
✅ Created: sophiayanga21@gmail.com → b6defd6b-d6eb-41cd-8631-72f8a27c0e98 (with original password)
✅ Created: ellsenrot@gmail.com → 897bc1f0-14b2-4ad1-8272-29d8c816ddf9 (with original password)
✅ Created: claudiu.florin.oneata@gmail.com → 76bd637d-df39-4f6e-bfdd-298bbfd76f4e (with original password)
✅ Created: tudorachedavid38@gmail.com → 3e850f0e-09f2-47b9-bf2e-87aada33f22f (with original password)
✅ Created: xxtoxicmonkxx@gmail.com → bb4c1a9d-7565-43bb-ade1-8083eececec7 (with original password)
✅ Created: adityadam2000@gmail.com → f677266e-1a1c-4610-bfcd-3c37d3832f05 (with original password)
✅ Created: pomanop6@gmail.com → 09ea7f7a-4076-46a8-bc97-564f5a903b8c (with original password)
✅ Created: solomentostt507@gmaill.com → 5360d378-9d3e-483e-b1b4-fa5034c6d309 (with original password)
✅ Created: solomentostt@gmaill.com → 0e1d2ebf-1876-4915-965a-081e2b5d4a47 (with original password)
✅ Created: retrogamingking123@gmail.com → 6561674d-4022-4afe-b90b-4ce116202be6 (with original password)
✅ Created: mkufhshklfke9o4@donymails.com → a6985169-6856-449a-8fce-92f9e22e95c9 (with original password)
✅ Created: adityadam093@gmail.com → d3966517-5c1a-41fe-b8ca-086b89c51d42 (with original password)
✅ Created: jayfissyrb@protonmail.com → 5dcba700-fb1e-411a-bdac-fb767bc3d776 (with original password)
✅ Created: kishonjr12@gmail.com → 41354f37-e61c-4f48-9204-0c94210d75e8 (with original password)
✅ Created: lukercolquitt@gmail.com → ef3e8de1-6b1b-4d8d-9689-1e5e03900396 (with original password)
✅ Created: asdasd@gmail.com → 51d2e3e4-b134-4de5-bf39-72ae94f00e0b (with original password)
✅ Created: reddiittales@gmail.com → 4cfd5846-38ad-404c-9ebf-7c946321dfb6 (with original password)
✅ Created: benocallaghan1234567@gmail.com → 189a0c7c-7dbb-4c1f-ae52-4d867eeb07f4 (with original password)
✅ Created: irrelecant@gmail.com → 7561d57b-f619-4ded-a3f3-1b541da43da8 (with original password)
✅ Created: tewilliams76@icloud.com → 73ceaac3-2f22-4d36-8c04-2b5bf570f1eb (with original password)
✅ Created: somayamohammad33@gmail.com → 900d5e33-8b6f-4318-81ec-4db2e3743faa (with original password)
✅ Created: noah.bramer@outlook.com → 195c1341-3501-45e1-8d81-1fc0db532211 (with original password)
✅ Created: ua.reddit.translator@gmail.com → 72cd207d-ee3e-4eb6-83ae-214c5a9f598b (with original password)
✅ Created: solomentostt507@gmail.com → ea81837e-f870-46ff-944d-35c8bc2a7720 (with original password)
✅ Created: kyranthomas2009@gmail.com → 0ae48655-51d4-4397-9828-31c740cdcfba (with original password)
✅ Created: cccccc@starmaker.email → c6590b3e-9430-47d6-a17e-38c9947b952a (with original password)
✅ Created: laureano-colon2@hotmail.com → bbefbe48-b1b6-4808-ab50-699f45433227 (with original password)
✅ Created: fortnitegamerrobert@gmail.com → 7ac819a9-0697-45da-9422-b63fd07ccfe8 (with original password)
✅ Created: dmytroostrohrud@gmail.com → 6c5a279a-e775-4509-9fda-56d2592aeb52 (with original password)
✅ Created: ekobayashi808@icloud.com → 0efbb914-d9a1-4e7b-baa4-32daf0368c26 (with original password)
✅ Created: sophiaanne.yanga@gmail.com → 6825a105-130a-43cc-bda8-e02fec6fa6f6 (with original password)
✅ Created: sophiaanne.yanga.pharma@ust.edu.ph → f2f39a4b-a6d6-4cf8-91df-4fe3e7b24ccd (with original password)
✅ Created: merlinenine@gmail.com → 6d80fefb-0e38-4796-a884-db2ea76c1318 (with original password)
✅ Created: merlinesouei@gmail.com → d6fd20b3-734a-4008-aa25-f9e5af092032 (with original password)
✅ Created: lxluxee@gmail.com → b555a33c-0c40-45c1-a626-e25012056dc4 (with original password)
✅ Created: repduw@starmaker.email → 993ba5c7-89ec-4f2f-b478-63079d73ed69 (with original password)
✅ Created: qwer@gmail.com → 7999b4e5-b90b-4f2a-b8d1-33950c2ff1d3 (with original password)
✅ Created: havtiz@starmaker.email → fc48f2a0-8ccf-4faf-9b34-142b41478569 (with original password)
✅ Created: fc517007@gmail.com → 3c963433-b70a-47a1-8259-f1b1888e5cea (with original password)
✅ Created: reborncezar@gmail.com → 760ede13-b814-4466-9821-eb8bb381f05d (with original password)
✅ Created: snvapy@gmail.com → 80454ca7-6c56-41d7-9a3f-a2500cdb516c (with original password)
✅ Created: gghhgcggj@gmail.com → f1b71c85-343c-4f6e-9683-09fef8b1f421 (with original password)
✅ Created: naomiclarisse.yanga.shs@ust.edu.ph → 8faea614-b8c6-44ac-984c-f4df2d8f8042 (with original password)
✅ Created: emilyrios0812@gmail.com → 7525329e-241c-49fb-8e5b-093a7f4e5a51 (with original password)
✅ Created: kabpiv@starmaker.email → d523cc7a-fd4f-439a-8967-b1ee70566cc4 (with original password)
✅ Created: zendac@starmaker.email → 07d52711-da8f-4d46-be25-9b027d0a0cc7 (with original password)
✅ Created: iieva.vvelic@gmail.com → 5b97bee6-0397-4b22-b07d-447882572c03 (with original password)
✅ Created: jrcontractor21@gmail.com → c60e8481-0293-4c13-ab21-a6fd3d6fc1a0 (with original password)
✅ Created: epicminer77@gmail.com → 1f2bea95-5141-4fd0-997a-847cbde2e788 (with original password)
✅ Created: vladtoplat@gmail.com → b760c289-a87b-4678-ad4b-8f1f2201b3ff (with original password)
✅ Created: 583030@protonmail.com → 05d4f628-2079-4800-acfe-f1bd51532a94 (with original password)
✅ Created: bruh8888992727@gmail.com → 6d61f980-397c-4bbb-9033-b754a7e0a3a1 (with original password)
✅ Created: secretkey127@gmail.com → e140d702-b020-408c-82fc-306358e0f5f0 (with original password)
✅ Created: zaharimurdzhevs@gmail.com → fbd75233-d47e-47dd-a7eb-bfeae7a781b7 (with original password)
✅ Created: kellyj.k9@gmail.com → fbf2ac85-d3c5-47cf-8db3-193d743978e1 (with original password)
✅ Created: kozintsev.anton@gmail.com → e0684fe1-8065-49ac-a9b6-07fbbdabb241 (with original password)
✅ Created: zikcek@starmaker.email → 1ec0ccf5-ef94-4a74-aeb0-56399116c30b (with original password)
✅ Created: flaviomarungo77@gmail.com → 7b90d39a-bbff-4c2e-ae77-98e9d85ae9d0 (with original password)
✅ Created: weselljustforyou@gmail.com → a4de7e17-06a7-48ca-92a5-3e063cfb0805 (with original password)
✅ Created: flaviomarungo88@gmail.com → 28f182e3-f134-416f-8737-2e9c3e071095 (with original password)
✅ Created: akroye9@yahoo.com → 653f7e1e-3515-40b9-88d1-f210720d8875 (with original password)
✅ Created: andreassztevar@hotmail.com → 2a6cb3ad-d8e3-4d65-82ac-8959e739d3c0 (with original password)
✅ Created: 970182189@qq.com → d584feda-03c0-403a-bf35-e7001146a729 (with original password)
✅ Created: yegelo9709@shbiso.com → 69b38fbc-f07c-4638-ba73-e5ec8ec06e72 (with original password)
✅ Created: askreddit.online@gmail.com → 12f20d61-324e-4718-a1cb-effae89639a4 (with original password)
✅ Created: dinafikriyah854@gmail.com → 03dadd39-be55-41d9-8ea8-028d405727c1 (with original password)
✅ Created: bavilcans@gmail.com → 1e142fc6-6eb9-4762-b320-3c0c94396198 (with original password)
✅ Created: gmarjara2007@gmail.com → 9238522f-142f-40ea-ba79-31cac34acf7a (with original password)
✅ Created: ethanhunt9@yahoo.co.uk → ae25bb08-1ac8-4caf-ac5b-4eee266503e6 (with original password)
✅ Created: joeroberts188@outlook.com → e0546f1d-14f9-4c45-b464-c35a42382e01 (with original password)
✅ Created: blaho.kusnir@gmail.com → e29f8178-0913-47a5-904c-a1d8483df377 (with original password)
✅ Created: cdf9647297@catdogmail.live → c755eae5-e883-486d-8733-139ffe1c34e3 (with original password)
✅ Created: cd2c38583c@catdogmail.live → 36cb4cab-af54-4151-b450-2a95480b01c8 (with original password)
✅ Created: emilwilinski1@gmail.com → dceb945c-26c0-4af3-8bd3-14a582b9860f (with original password)
✅ Created: cassield2010@gmail.com → f89b684b-769d-4132-b3be-f7c51d7c86b1 (with original password)
✅ Created: sanshiromkw@hotmail.com → e7107d24-844f-46a6-a785-e249b7a00a8d (with original password)
✅ Created: bossevahter@gmail.com → 6473a5b5-a7f6-4686-a3fe-4d2aea0bc219 (with original password)
✅ Created: jordanduffeye@gmail.com → 47b8b97f-51ea-4418-9f3f-30c4844b4627 (with original password)
✅ Created: jameswk1002@gmail.com → 28d5fdf8-fe7a-4eac-9a98-1464131d554e (with original password)
✅ Created: tiepei@starmaker.email → 2c5c72d4-dcc9-4326-89ef-a4b2f9d17693 (with original password)
✅ Created: meduzio@protonmail.com → 3eb1a883-f394-4333-8f4e-8db7838902c1 (with original password)
✅ Created: xander.paredis@gmail.com → 143694b4-1818-4e6f-bc10-17f30d9f2740 (with original password)
✅ Created: erayengel@hotmail.com → a176e67a-0f62-43e2-bd2e-b145aff28616 (with original password)
✅ Created: usmkeon@gmail.com → 122eb6c3-4413-4edb-8362-1c5d41ebd1d9 (with original password)
✅ Created: us4@abv.bg → 0381e73d-a593-4a33-b27c-795c4731bdb5 (with original password)
✅ Created: jonny.doebele@gmail.com → 89ceb68a-e1af-4eca-9ee6-bbc58f2c3662 (with original password)
✅ Created: reddiitstories@gmail.com → 39878f70-3bbb-47df-8b39-cea1a431817c (with original password)
✅ Created: ahmed@gmail.com → fd9a3eb5-0439-47a7-9043-8ab24947d26c (with original password)
✅ Created: mattdwilliams26@gmail.com → c41cec23-b180-4fdb-983a-f14b75e80fdd (with original password)
✅ Created: huangqiuxiang88@gmail.com → 508825f6-ae89-4d32-a41f-5e5620aafe60 (with original password)
✅ Created: rigbykid03@gmail.com → fca20fb6-f12c-434d-8e01-cf922657dd42 (with original password)
✅ Created: oldfish071@gmail.com → 22fbe357-211a-4238-b6da-3c0bc132582e (with original password)
✅ Created: billymato2@gmail.com → 497dac98-f510-40be-9494-3a5a3fd94694 (with original password)
✅ Created: neupanealish@gmail.com → dd50cd9e-44f6-410b-9dd8-41d625052488 (with original password)
✅ Created: leo@langeard.com → 71a6c316-c60e-470a-9c85-3b2be114bcd4 (with original password)
✅ Created: yoedog@gmail.com → 8f52f42c-c036-4abf-b500-f150c972da9f (with original password)
✅ Created: mayishakhatun11@icloud.com → b7a813df-50bb-4eaa-aa8b-af5ea47f2d7d (with original password)
✅ Created: alexmillanespinosa68@gmail.com → 33becd47-798e-4afc-a222-6be2809277c5 (with original password)
✅ Created: adonisredditshorts@gmail.com → f4d8eb98-1f83-43a9-8855-d7387be69e1e (with original password)
✅ Created: krocanf@gmail.com → 155a5f24-2e29-4b71-bfc3-901ef8e9485c (with original password)
✅ Created: jmbrooks98@icloud.com → 28eb18e8-de2f-4611-91ab-1b9c47d18e4a (with original password)
✅ Created: ziskak@starmaker.email → e5af7bd3-a780-4b86-8417-77d10e186071 (with original password)
✅ Created: hodciu@starmaker.email → 3ef62977-5f58-4a18-b6b6-8d19c56d91b0 (with original password)
✅ Created: shannaracoomber20@gmail.com → b5fa3fc9-9bd2-4dfb-a9e7-7a554b1de7e3 (with original password)
✅ Created: cavs2cant@gmail.com → e53d2fb8-09a0-4ce6-9e33-e503df28c071 (with original password)
✅ Created: gaveen814@gmail.com → 60cb64a7-9fef-43a8-8915-19f683b717f7 (with original password)
✅ Created: cortex568@gmail.com → 524a2c32-b0b9-4f53-b72c-2d7ad5b700cf (with original password)
✅ Created: jdsheaffer88@gmail.com → f05fcac5-dfc0-496b-b31c-e40c8dd866b1 (with original password)
✅ Created: kamelc1134@gmail.com → f129e4a6-dd7c-4446-a7cc-14ba618229e2 (with original password)
✅ Created: sebis2016@yahoo.com → d7958d37-9dc8-4783-9f5f-47717b1aedcb (with original password)
✅ Created: nengangah@gmail.com → 7d9585d2-cc57-42d9-845d-70127818dccf (with original password)
✅ Created: saomaj106@gmail.com → 0d455731-755e-46be-89dd-1604f0ee17af (with original password)
✅ Created: nosleepzonebusiness@gmail.com → ad291f87-aaed-4daf-96eb-af47996b273b (with original password)
✅ Created: ppipiraz@gmail.com → 4f026095-0986-4a29-99c9-effee65e3318 (with original password)
✅ Created: salocinsd@centrum.sk → 433ecf6a-ed7c-4640-8f1e-7b2e646bc228 (with original password)
✅ Created: sloppyjoeh@gmail.com → c7732553-a2f3-437d-9302-253716ed06fe (with original password)
✅ Created: slopiojopyjoeh@gmail.com → d3408f74-1512-4192-beb1-23fcf20a08e5 (with original password)
✅ Created: janekpriv@gmail.com → a6a455f8-1013-4cde-8005-c672f6ef52ee (with original password)
✅ Created: slopiolmljopyjoeh@gmail.com → e649c60c-c61d-4e71-aae0-38001343a6d9 (with original password)
✅ Created: buisnessonline18@gmail.com → 04824006-8797-4a73-95fb-218a5a16a241 (with original password)
✅ Created: peggycarter@gmail.com → dbc58669-2402-40a5-b14d-3b064aeeaecc (with original password)
✅ Created: peggycarter1@g.com → ce000685-04b2-412e-a925-84904860e50f (with original password)
✅ Created: peggycarter@g.com → ad12a2ee-6daf-4ebd-b53d-2de7c74144b4 (with original password)
✅ Created: peggyg@gmail.com → 71ffade9-5cd6-40af-a26b-340e6b51410a (with original password)
✅ Created: prettyboytee@g.com → 8cd2da63-bba9-4a50-befd-d27769fac41b (with original password)
✅ Created: ineedtoshit@g.com → 08eb519b-20e6-46bc-9071-bfa62bb16897 (with original password)
✅ Created: imsohorny@g.com → 10488d78-7864-4d0d-9514-cf3b07748328 (with original password)
✅ Created: ineedmeathickbitch@g.com → ef52e2c2-94b5-4311-a433-04043c4e4594 (with original password)
✅ Created: 2sexy4u@g.com → af6a23b5-b165-45d6-a7c8-e330472b7d8b (with original password)
✅ Created: billy.rowbottom05@gmail.com → de430c81-a42c-4085-a8a2-77ef0c25c894 (with original password)
✅ Created: legitmc40@gmail.com → 2cb4cf30-2b7b-4ee4-8701-adfea09fbe59 (with original password)
✅ Created: reddittokmail@gmail.com → c91bd89a-cdfa-4be3-a019-39a67ca0ab28 (with original password)
✅ Created: baptistestorecanada@gmail.com → 12b66549-6cc9-4a02-931b-8742fd8354fe (with original password)
✅ Created: vaswod@starmaker.email → 664856f3-cd1b-4e14-a82b-c27cd1c129ee (with original password)
✅ Created: graham.j.stall@gmail.com → 693c5c09-672f-4d08-8ab6-f033d38e655a (with original password)
✅ Created: kennyscott016@gmail.com → 1ab255a6-a189-4905-b2ed-03e54a7355b9 (with original password)
✅ Created: thisisarealgmail@gmail.com → 0286122f-0dab-4525-8c61-9668c2d51a20 (with original password)
✅ Created: thisisarealgmail2@gmail.com → 183462ef-18f1-41f2-b743-5f45d8addd78 (with original password)
✅ Created: thisisarealgmail3@gmail.com → b138f5fd-fb70-41aa-a074-cf4bf70238d9 (with original password)
✅ Created: thisisarealgmail33@gmail.com → a9ff68c8-c283-4764-97bb-30d1cac2d511 (with original password)
✅ Created: thisisarealgmail333@gmail.com → 386fd9a3-b584-41b6-aba1-f967dce2ba77 (with original password)
✅ Created: thisisarealgmail22@gmail.com → ff2f5fef-3d71-4255-8678-ffa709613a0f (with original password)
✅ Created: talonmolony@icloud.com → 0bbd1a72-cc59-4125-a9dd-297530d9ef9b (with original password)
✅ Created: thatonefooxx@gmail.com → f7237b38-bfcc-4b0f-9f3c-3423d5eb3033 (with original password)
✅ Created: connorwood7575@gmail.com → 0f182264-e6d2-49d5-af30-867e6e822714 (with original password)
✅ Created: gawikey294@storypo.com → f4772494-42ed-477f-bdfb-16bbb7a245fc (with original password)
✅ Created: yesako1466@satedly.com → a8f08514-65f9-47b7-8ba9-5c3e3164fbd8 (with original password)
✅ Created: jokicid144@tebyy.com → eaac5013-575f-4474-a23b-eb614438458f (with original password)
✅ Created: osmicamin@gmail.com → b9480c6e-d83d-48ac-9da0-53e26f9f05e4 (with original password)
✅ Created: bobimladenov20@gmail.com → af2dc3cd-1ad5-417f-b39b-2231d761a634 (with original password)
✅ Created: alberto.mezzo1098@gmail.com → 74ccbba8-53f3-4f1f-9afd-6cfbec98c8e9 (with original password)
✅ Created: dukedennisdoe@gmail.com → e5009835-3196-4f2d-a83a-88ed56f7160b (with original password)
✅ Created: thisisarealgmail222@gmail.com → 3ff8f4f3-8f9d-4c9d-a3a0-3045a4a5a480 (with original password)
✅ Created: thisisarealgmail1@gmail.com → 1a74af31-4944-4552-9918-00150d98f576 (with original password)
✅ Created: jsinnis99@gmail.com → 423245af-57fa-4e71-9209-1426b320c5cb (with original password)
✅ Created: thisisarealgmail111@gmail.com → ad33a346-2170-4493-bfc5-bb2ba4a970cb (with original password)
✅ Created: biancanicoll_25@hotmail.com → f2fcef8f-87db-4955-b48c-7f8a8c564bcc (with original password)
✅ Created: disdud@starmaker.email → 078aacfb-e904-41d5-8ad0-a5cb6faea2bd (with original password)
✅ Created: naktuo@starmaker.email → de4417f0-48a7-42c4-a0de-bbb6bdee5565 (with original password)
✅ Created: thisisarealgmail4@gmail.com → 7ebd2a1f-09be-42c7-a404-15669d539434 (with original password)
✅ Created: thisisarealgmail1111@gmail.com → 048155b5-c0f1-46e3-ace1-281349cd501f (with original password)
✅ Created: thisisarealgmail44@gmail.com → 8d0e0c93-11f3-4a7b-a5a5-4420f8f7b108 (with original password)
✅ Created: thisisarealgmail4@gmail5.com → b600cbed-3568-4407-acb9-2cc6948e9b8a (with original password)
✅ Created: 1@gmail.com → 26be27eb-46e5-4783-a261-9860447b20d5 (with original password)
✅ Created: 11@gmail.com → 2236ff68-6404-4df5-ac92-459f3df444f6 (with original password)
✅ Created: 1thisisarealgmail@gmail.com → d6a2e32e-ba99-4165-bf20-5e80a6c88380 (with original password)
✅ Created: 4thisisarealgmail4@gmail.com → f9f19eb4-f5cf-4949-8513-93abb55269fc (with original password)
✅ Created: 11thisisarealgmail4@gmail.com → 3dc9c472-8094-4e80-a107-31605c1d57e0 (with original password)
✅ Created: 11thisisarealgmail3@gmail.com → 3e910e01-8250-4df6-82d0-51a310f088bd (with original password)
✅ Created: 11thisisarealgmail@gmail.com → 248048c3-90b9-45a1-934e-d48e2bd342c4 (with original password)
✅ Created: 111thisisarealgmail4@gmail.com → 0e649bcb-9e71-4e3f-b308-68d9334572a7 (with original password)
✅ Created: 1111thisisarealgmail3@gmail.com → 85be4b0b-34bf-40e2-ba5e-6657e9d5cf8d (with original password)
✅ Created: 2thisisarealgmail3@gmail.com → 33b541f8-2c46-43bb-826c-758df0ee25eb (with original password)
✅ Created: 333thisisarealgmail@gmail.com → bcb82a30-915f-4ea6-a903-f01d26eb6e4b (with original password)
✅ Created: tajashans@gmail.com → 472ddddc-a5cf-4d6c-ae79-380a501d97d6 (with original password)
✅ Created: 5thisisarealgmail@gmail.com → 9cee8b53-a30e-4363-ba15-7246fe263a3e (with original password)
✅ Created: 6thisisarealgmail@gmail.com → 588a8f4b-8762-4456-9ffe-a5887b9d4d0d (with original password)
✅ Created: bloed82@hotmail.de → 746aee31-7b76-4820-8b11-990b68fd94eb (with original password)
✅ Created: shidosdoritos@gmail.com → 8c28f190-93f7-4284-9698-a0d47434c385 (with original password)
✅ Created: yawarmahdi835@gmail.com → e72c8245-6024-435d-95e4-d9f623592c2c (with original password)
✅ Created: pandasingh321@gmail.com → 0bcab598-231d-4e2e-aded-a02287d05992 (with original password)
✅ Created: odysseaspliakas@gmail.com → 94049ffb-2b38-40fb-a1ca-8a4dc298ecc0 (with original password)
✅ Created: brokaronagamingkid@gmail.com → ce18d1dd-859f-4406-b7b4-122f6f719fe4 (with original password)
✅ Created: coombershannara@gmail.com → 635a4d41-5a0a-4c57-9c15-a2aadd818c11 (with original password)
✅ Created: foxfireraul@gmail.com → 56c007a4-9d86-4be7-af78-54ea5c03b8b8 (with original password)
✅ Created: tiktokreddit420@gmail.com → 0db279c7-dfa9-497c-88b6-3293c892105c (with original password)
✅ Created: oskar001@gmail.com → 2b087bd0-fc96-4643-8e97-a1f252f1014a (with original password)
✅ Created: 12thisisarealgmail@gmail.com → 8d22cfb7-1279-4fe7-8689-a86de1a3c54f (with original password)
✅ Created: 121thisisarealgmail@gmail.com → 6050ccad-1791-461d-83b1-a32b179ed676 (with original password)
✅ Created: pepeknamornik693@gmail.com → 81a98f85-b78d-4734-b068-a43f0686ab4f (with original password)
✅ Created: jayden_macemadric@icloud.com → 74e271b4-2535-432f-9dd6-28af7d575778 (with original password)
✅ Created: ahmed.lofi27739@gmail.com → 3436d886-64a4-4dbb-9574-830fd194d073 (with original password)
✅ Created: zalegakarol@gmail.com → 55831826-810f-481f-b06d-a7694f7ad007 (with original password)
✅ Created: hoe54079@jeoce.com → 34f0e776-6833-495b-958a-86835a8e56af (with original password)
✅ Created: awkwardmango13@gmail.com → 70630b16-2fff-4b9a-add8-bf4cb1d9fe9d (with original password)
✅ Created: dholasaniyaz@gmail.com → 1f039044-a611-4544-88c2-f7de839c218d (with original password)
✅ Created: 1212thisisarealgmail@gmail.com → 6a445a79-5799-4d95-9238-9a565dc999c9 (with original password)
✅ Created: 23thisisarealgmail@gmail.com → bac934be-8667-4ced-a656-7fd77804f353 (with original password)
✅ Created: 34thisisarealgmail@gmail.com → 9374f8ee-5108-4690-af31-c88f8b5706ea (with original password)
✅ Created: tyler2011sa@outlook.com.au → 2833089a-924a-463c-9f52-f4dc66f39eee (with original password)
✅ Created: 45thisisarealgmail@gmail.com → eea16929-bf89-4692-96d5-c0d99e35f0ad (with original password)
✅ Created: 56thisisarealgmail@gmail.com → 2188b125-344f-4a5a-93b0-2fed322782da (with original password)
✅ Created: hisisarealgmail@gmail.com → abb509f8-d779-49dd-b244-f055012b985c (with original password)
✅ Created: mdtiktoks1@gmail.com → 49223952-4319-411a-ba69-c48b18866c94 (with original password)
✅ Created: bremstech@gmail.com → f23d7cb5-7dd0-46a6-aa28-68f195c7d8a1 (with original password)
✅ Created: safa.t@live.nl → 2ceda62a-3ddc-4764-ad76-9f6a22f3bdae (with original password)
✅ Created: isisarealgmail@gmail.com → 9a79eba1-15f5-45a9-a6c9-40864780d84a (with original password)
✅ Created: sisarealgmail@gmail.com → 6abb7c7d-72fc-4f5c-8af9-1b75318dba95 (with original password)
✅ Created: isarealgmail@gmail.com → ce24bfda-e619-45c2-8639-7a914a607e6e (with original password)
✅ Created: jeffersongreen2449@gmail.com → 99a928f8-ded8-4bb5-b31d-c8e3cee68aac (with original password)
✅ Created: redditreads@outlook.com → 88971e63-4567-46bb-a8e2-1862f0c5802e (with original password)
✅ Created: competitivecsgo1@gmail.com → 4caa580b-c8ab-4c84-8789-9e643183c32c (with original password)
✅ Created: chingalajoe@gmail.com → a1f181d0-4897-4504-a105-bee594d1429b (with original password)
✅ Created: arealgmail@gmail.com → 7ea9e530-e881-424e-bef5-ca84e1c02449 (with original password)
✅ Created: liamosull123450@gmail.com → 53890035-629f-4cba-9259-d16bf66cf2ef (with original password)
✅ Created: princessnaanaa.17@gmail.com → ad45771e-f52f-434e-b67a-864ead2e244c (with original password)
✅ Created: realgmail@gmail.com → b9ee2211-ada5-4ac7-b593-f78da09f06fe (with original password)
✅ Created: macycrow09@gmail.com → af1c36d8-9f0d-4f03-88f1-2a149c6c8bb7 (with original password)
✅ Created: ansharah4@outlook.com → 6193fcb6-ed6c-44fa-98ec-811ea456b1b9 (with original password)
✅ Created: redditstories879@gmail.com → 20255cd8-f588-40ec-af60-818e76f1a026 (with original password)
✅ Created: rakesh.shrs097@gmail.com → b9bb72dc-0f9d-4f8c-a8cf-b4d49f8f3b3e (with original password)
✅ Created: ansharah1004@outlook.com → f7118f94-09d4-4ff0-a686-a402f65ef78c (with original password)
✅ Created: tobsme.game.us@gmail.com → ef6a91c1-691e-40e7-84a6-4ca0328b7f4e (with original password)
✅ Created: ansharah4@yahoo.com → 283c616e-f794-4e3e-aca8-0ed9c83fd93b (with original password)
✅ Created: whodoyouworkfor16@gmail.com → be29f7aa-93ba-446e-a8bb-43f5496d608e (with original password)
✅ Created: fortreshmg@gmail.com → a569af3b-c018-4705-bcc5-f6bd5719d7e3 (with original password)
✅ Created: ealgmail@gmail.com → 8b6b7193-e150-43e5-b132-1db24d724934 (with original password)
✅ Created: algmail@gmail.com → 8cbbd348-f4d3-4b49-9bbb-5dd3752ca948 (with original password)
✅ Created: lgmail@gmail.com → 9c66c387-33b4-4baa-af0c-97550b5829b1 (with original password)
✅ Created: antwonejohnson2003@gmail.com → a83d6036-43b3-4e6b-a114-5259b0aab352 (with original password)
✅ Created: cian.roach1@gmail.com → 68171e43-b54d-4814-8734-392c249eb040 (with original password)
✅ Created: natehat915@gmail.com → 42a7828e-ff57-4d5d-9cb2-ab56f933453f (with original password)
✅ Created: dteutelink@gmail.com → 00e9518c-7d25-4ed9-b05b-32f0b7804582 (with original password)
✅ Created: adambehiry@hotmail.co.uk → 72733e0c-c15a-4a4e-8c31-2652d39f15d0 (with original password)
✅ Created: 121212@gmail.com → 068fdc64-ef8b-417d-9db4-a3f6055e51bf (with original password)
✅ Created: 121212thisisarealgmail@gmail.com → ead265ba-3280-4c21-bcf5-241bd1aa3740 (with original password)
✅ Created: thisisarealgmail40@gmail.com → e628506a-5128-430b-a024-2f84d398b013 (with original password)
✅ Created: 12thisisarealgmail2@gmail.com → b05eb817-c7f8-4981-a47c-dad9fc719de0 (with original password)
✅ Created: ermal.sadriu@bluewin.ch → 1a503198-0b26-44de-8c5b-81bdad12fef9 (with original password)
✅ Created: deadofthesean@hotmail.com → 6cd934d8-9bba-43ba-a00f-067f9abdc722 (with original password)
✅ Created: 13thisisarealgmail@gmail.com → bb6baf29-3a13-4c09-823a-68be0779959b (with original password)
✅ Created: 15thisisarealgmail@gmail.com → f9e6246e-1e43-4e1a-8bdd-92d46d24b535 (with original password)
✅ Created: aaarshad104@gmail.com → 57c913a7-e70f-4001-bab1-f0eb4df36af5 (with original password)
✅ Created: kennedybrian2000@gmail.com → 7f843d79-2191-4785-8af4-e288a30657da (with original password)
✅ Created: ayogeji@gmail.com → 30c8267c-e1d5-413a-b681-84eec4aa29e2 (with original password)
✅ Created: proplayergamer16@gmail.com → 75f8731c-3ffa-43df-ac46-39ae5afa1b3d (with original password)
✅ Created: abdallahfootballer@gmail.com → 6304d099-3c84-4ee9-a9b7-f97d3835c679 (with original password)
✅ Created: 561thisisarealgmail@gmail.com → 9b180560-86fe-44d9-901a-a7ea8db7bb79 (with original password)
✅ Created: 00thisisarealgmail@gmail.com → 236956b2-03d6-4c2c-8c4b-8c7124fc9e9f (with original password)
✅ Created: 01thisisarealgmail@gmail.com → afd18c00-c9c2-4ead-b0a7-8d044b0fe7ab (with original password)
✅ Created: addmefaster143@gmail.com → a5cd3a93-4b07-402a-8526-9cc214565fca (with original password)
✅ Created: 10thisisarealgmail@gmail.com → 22c58fc8-0894-4fab-a187-ce256a323089 (with original password)
✅ Created: 3434thisisarealgmail@gmail.com → 087c38d4-e4b4-4b44-9543-d3c9ce556741 (with original password)
✅ Created: 78thisisarealgmail@gmail.com → bd2c4985-d2f7-489e-8394-c4ede103bbb6 (with original password)
✅ Created: 99thisisarealgmail@gmail.com → 8355836e-5c15-47b8-b96c-a896956a7fff (with original password)
